# JRE version: OpenJDK Runtime Environment (22.0.1+8) (build 22.0.1+8-16)
# Java VM: OpenJDK 64-Bit Server VM (22.0.1+8-16, mixed mode, sharing, tiered, compressed oops, compressed class ptrs, g1 gc, windows-amd64)
GC Precious Log:
 CardTable entry size: 512
 Card Set container configuration: InlinePtr #cards 4 size 8 Array Of Cards #cards 16 size 48 Howl #buckets 8 coarsen threshold 3686 Howl Bitmap #cards 512 size 80 coarsen threshold 460 Card regions per heap region 1 cards per card region 4096
 CPUs: 16 total, 16 available
 Memory: 15558M
 Large Page Support: Disabled
 NUMA Support: Disabled
 Compressed Oops: Enabled (Zero based)
 Heap Region Size: 2M
 Heap Min Capacity: 8M
 Heap Initial Capacity: 244M
 Heap Max Capacity: 3890M
 Pre-touch: Disabled
 Parallel Workers: 13
 Concurrent Workers: 3
 Concurrent Refinement Workers: 13
 Periodic GC: Disabled
Heap:
 garbage-first heap   total reserved 3983360K, committed 75776K, used 45712K [0x000000070ce00000, 0x0000000800000000)
  region size 2048K, 11 young (22528K), 1 survivors (2048K)
 Metaspace       used 51048K, committed 51840K, reserved 1114112K
  class space    used 6322K, committed 6656K, reserved 1048576K
GC Heap History (20 events):
Event: 85.113 GC heap before
{Heap before GC invocations=29 (full 0):
 garbage-first heap   total reserved 3983360K, committed 75776K, used 64134K [0x000000070ce00000, 0x0000000800000000)
  region size 2048K, 19 young (38912K), 1 survivors (2048K)
 Metaspace       used 51022K, committed 51776K, reserved 1114112K
  class space    used 6322K, committed 6656K, reserved 1048576K
}
Event: 85.114 GC heap after
{Heap after GC invocations=30 (full 0):
 garbage-first heap   total reserved 3983360K, committed 75776K, used 27257K [0x000000070ce00000, 0x0000000800000000)
  region size 2048K, 1 young (2048K), 1 survivors (2048K)
 Metaspace       used 51022K, committed 51776K, reserved 1114112K
  class space    used 6322K, committed 6656K, reserved 1048576K
}
Event: 85.626 GC heap before
{Heap before GC invocations=30 (full 0):
 garbage-first heap   total reserved 3983360K, committed 75776K, used 64121K [0x000000070ce00000, 0x0000000800000000)
  region size 2048K, 19 young (38912K), 1 survivors (2048K)
 Metaspace       used 51024K, committed 51776K, reserved 1114112K
  class space    used 6322K, committed 6656K, reserved 1048576K
}
Event: 85.627 GC heap after
{Heap after GC invocations=31 (full 0):
 garbage-first heap   total reserved 3983360K, committed 75776K, used 27258K [0x000000070ce00000, 0x0000000800000000)
  region size 2048K, 1 young (2048K), 1 survivors (2048K)
 Metaspace       used 51024K, committed 51776K, reserved 1114112K
  class space    used 6322K, committed 6656K, reserved 1048576K
}
Event: 86.115 GC heap before
{Heap before GC invocations=31 (full 0):
 garbage-first heap   total reserved 3983360K, committed 75776K, used 64122K [0x000000070ce00000, 0x0000000800000000)
  region size 2048K, 19 young (38912K), 1 survivors (2048K)
 Metaspace       used 51024K, committed 51776K, reserved 1114112K
  class space    used 6322K, committed 6656K, reserved 1048576K
}
Event: 86.116 GC heap after
{Heap after GC invocations=32 (full 0):
 garbage-first heap   total reserved 3983360K, committed 75776K, used 27279K [0x000000070ce00000, 0x0000000800000000)
  region size 2048K, 1 young (2048K), 1 survivors (2048K)
 Metaspace       used 51024K, committed 51776K, reserved 1114112K
  class space    used 6322K, committed 6656K, reserved 1048576K
}
Event: 86.700 GC heap before
{Heap before GC invocations=32 (full 0):
 garbage-first heap   total reserved 3983360K, committed 75776K, used 64143K [0x000000070ce00000, 0x0000000800000000)
  region size 2048K, 19 young (38912K), 1 survivors (2048K)
 Metaspace       used 51025K, committed 51776K, reserved 1114112K
  class space    used 6322K, committed 6656K, reserved 1048576K
}
Event: 86.701 GC heap after
{Heap after GC invocations=33 (full 0):
 garbage-first heap   total reserved 3983360K, committed 75776K, used 27276K [0x000000070ce00000, 0x0000000800000000)
  region size 2048K, 1 young (2048K), 1 survivors (2048K)
 Metaspace       used 51025K, committed 51776K, reserved 1114112K
  class space    used 6322K, committed 6656K, reserved 1048576K
}
Event: 87.366 GC heap before
{Heap before GC invocations=33 (full 0):
 garbage-first heap   total reserved 3983360K, committed 75776K, used 64140K [0x000000070ce00000, 0x0000000800000000)
  region size 2048K, 19 young (38912K), 1 survivors (2048K)
 Metaspace       used 51032K, committed 51776K, reserved 1114112K
  class space    used 6322K, committed 6656K, reserved 1048576K
}
Event: 87.367 GC heap after
{Heap after GC invocations=34 (full 0):
 garbage-first heap   total reserved 3983360K, committed 75776K, used 27255K [0x000000070ce00000, 0x0000000800000000)
  region size 2048K, 1 young (2048K), 1 survivors (2048K)
 Metaspace       used 51032K, committed 51776K, reserved 1114112K
  class space    used 6322K, committed 6656K, reserved 1048576K
}
Event: 88.182 GC heap before
{Heap before GC invocations=34 (full 0):
 garbage-first heap   total reserved 3983360K, committed 75776K, used 64119K [0x000000070ce00000, 0x0000000800000000)
  region size 2048K, 19 young (38912K), 1 survivors (2048K)
 Metaspace       used 51032K, committed 51776K, reserved 1114112K
  class space    used 6322K, committed 6656K, reserved 1048576K
}
Event: 88.182 GC heap after
{Heap after GC invocations=35 (full 0):
 garbage-first heap   total reserved 3983360K, committed 75776K, used 27268K [0x000000070ce00000, 0x0000000800000000)
  region size 2048K, 1 young (2048K), 1 survivors (2048K)
 Metaspace       used 51032K, committed 51776K, reserved 1114112K
  class space    used 6322K, committed 6656K, reserved 1048576K
}
Event: 89.277 GC heap before
{Heap before GC invocations=35 (full 0):
 garbage-first heap   total reserved 3983360K, committed 75776K, used 64132K [0x000000070ce00000, 0x0000000800000000)
  region size 2048K, 19 young (38912K), 1 survivors (2048K)
 Metaspace       used 51039K, committed 51776K, reserved 1114112K
  class space    used 6322K, committed 6656K, reserved 1048576K
}
Event: 89.277 GC heap after
{Heap after GC invocations=36 (full 0):
 garbage-first heap   total reserved 3983360K, committed 75776K, used 27280K [0x000000070ce00000, 0x0000000800000000)
  region size 2048K, 1 young (2048K), 1 survivors (2048K)
 Metaspace       used 51039K, committed 51776K, reserved 1114112K
  class space    used 6322K, committed 6656K, reserved 1048576K
}
Event: 89.905 GC heap before
{Heap before GC invocations=36 (full 0):
 garbage-first heap   total reserved 3983360K, committed 75776K, used 64144K [0x000000070ce00000, 0x0000000800000000)
  region size 2048K, 19 young (38912K), 1 survivors (2048K)
 Metaspace       used 51045K, committed 51840K, reserved 1114112K
  class space    used 6322K, committed 6656K, reserved 1048576K
}
Event: 89.906 GC heap after
{Heap after GC invocations=37 (full 0):
 garbage-first heap   total reserved 3983360K, committed 75776K, used 27282K [0x000000070ce00000, 0x0000000800000000)
  region size 2048K, 1 young (2048K), 1 survivors (2048K)
 Metaspace       used 51045K, committed 51840K, reserved 1114112K
  class space    used 6322K, committed 6656K, reserved 1048576K
}
Event: 90.180 GC heap before
{Heap before GC invocations=37 (full 0):
 garbage-first heap   total reserved 3983360K, committed 75776K, used 64146K [0x000000070ce00000, 0x0000000800000000)
  region size 2048K, 19 young (38912K), 1 survivors (2048K)
 Metaspace       used 51047K, committed 51840K, reserved 1114112K
  class space    used 6322K, committed 6656K, reserved 1048576K
}
Event: 90.180 GC heap after
{Heap after GC invocations=38 (full 0):
 garbage-first heap   total reserved 3983360K, committed 75776K, used 27278K [0x000000070ce00000, 0x0000000800000000)
  region size 2048K, 1 young (2048K), 1 survivors (2048K)
 Metaspace       used 51047K, committed 51840K, reserved 1114112K
  class space    used 6322K, committed 6656K, reserved 1048576K
}
Event: 90.357 GC heap before
{Heap before GC invocations=38 (full 0):
 garbage-first heap   total reserved 3983360K, committed 75776K, used 64142K [0x000000070ce00000, 0x0000000800000000)
  region size 2048K, 19 young (38912K), 1 survivors (2048K)
 Metaspace       used 51047K, committed 51840K, reserved 1114112K
  class space    used 6322K, committed 6656K, reserved 1048576K
}
Event: 90.357 GC heap after
{Heap after GC invocations=39 (full 0):
 garbage-first heap   total reserved 3983360K, committed 75776K, used 27280K [0x000000070ce00000, 0x0000000800000000)
  region size 2048K, 1 young (2048K), 1 survivors (2048K)
 Metaspace       used 51047K, committed 51840K, reserved 1114112K
  class space    used 6322K, committed 6656K, reserved 1048576K
}

